\BOOKMARK [1][-]{section.1}{\376\377\000L\000e\000c\000t\000u\000r\000e\000\040\0001\000\040\000-\000\040\0000\0009\000-\0000\0003\000-\0002\0000\0002\0000}{}% 1
\BOOKMARK [2][-]{subsection.1.1}{\376\377\000I\000n\000t\000r\000o\000d\000u\000c\000t\000i\000o\000n}{section.1}% 2
\BOOKMARK [1][-]{section.2}{\376\377\000L\000e\000c\000t\000u\000r\000e\000\040\0002\000\040\000-\000\040\0000\0007\000-\0000\0004\000-\0002\0000\0002\0000}{}% 3
\BOOKMARK [2][-]{subsection.2.1}{\376\377\000A\000r\000g\000o\000m\000e\000n\000t\000o}{section.2}% 4
\BOOKMARK [2][-]{subsection.2.2}{\376\377\000L\000o\000s\000s}{section.2}% 5
\BOOKMARK [3][-]{subsubsection.2.2.1}{\376\377\000A\000b\000s\000o\000l\000u\000t\000e\000\040\000L\000o\000s\000s}{subsection.2.2}% 6
\BOOKMARK [3][-]{subsubsection.2.2.2}{\376\377\000S\000q\000u\000a\000r\000e\000\040\000L\000o\000s\000s}{subsection.2.2}% 7
\BOOKMARK [3][-]{subsubsection.2.2.3}{\376\377\000E\000x\000a\000m\000p\000l\000e\000\040\000o\000f\000\040\000i\000n\000f\000o\000r\000m\000a\000t\000i\000o\000n\000\040\000o\000f\000\040\000s\000q\000u\000a\000r\000e\000\040\000l\000o\000s\000s}{subsection.2.2}% 8
\BOOKMARK [3][-]{subsubsection.2.2.4}{\376\377\000l\000a\000b\000e\000l\000s\000\040\000a\000n\000d\000\040\000l\000o\000s\000s\000e\000s}{subsection.2.2}% 9
\BOOKMARK [3][-]{subsubsection.2.2.5}{\376\377\000E\000x\000a\000m\000p\000l\000e\000\040\000T\000F\000\050\000i\000d\000f\000\051\000\040\000d\000o\000c\000u\000m\000e\000n\000t\000s\000\040\000e\000n\000c\000o\000d\000i\000n\000g}{subsection.2.2}% 10
\BOOKMARK [1][-]{section.3}{\376\377\000L\000e\000c\000t\000u\000r\000e\000\040\0003\000\040\000-\000\040\0000\0007\000-\0000\0004\000-\0002\0000\0002\0000}{}% 11
\BOOKMARK [2][-]{subsection.3.1}{\376\377\000O\000v\000e\000r\000f\000i\000t\000t\000i\000n\000g}{section.3}% 12
\BOOKMARK [3][-]{subsubsection.3.1.1}{\376\377\000N\000o\000i\000s\000e\000\040\000i\000n\000\040\000t\000h\000e\000\040\000d\000a\000t\000a}{subsection.3.1}% 13
\BOOKMARK [2][-]{subsection.3.2}{\376\377\000U\000n\000d\000e\000r\000f\000i\000t\000t\000i\000n\000g}{section.3}% 14
\BOOKMARK [2][-]{subsection.3.3}{\376\377\000N\000e\000a\000r\000e\000s\000t\000\040\000n\000e\000i\000g\000h\000b\000o\000u\000r}{section.3}% 15
\BOOKMARK [1][-]{section.4}{\376\377\000L\000e\000c\000t\000u\000r\000e\000\040\0004\000\040\000-\000\040\0000\0007\000-\0000\0004\000-\0002\0000\0002\0000}{}% 16
\BOOKMARK [2][-]{subsection.4.1}{\376\377\000C\000o\000m\000p\000u\000t\000i\000n\000g\000\040\000h\000N\000N}{section.4}% 17
\BOOKMARK [2][-]{subsection.4.2}{\376\377\000T\000r\000e\000e\000\040\000P\000r\000e\000d\000i\000c\000t\000o\000r}{section.4}% 18
\BOOKMARK [1][-]{section.5}{\376\377\000T\000r\000e\000e\000\040\000C\000l\000a\000s\000s\000i\000f\000i\000e\000r}{}% 19
\BOOKMARK [1][-]{section.6}{\376\377\000J\000e\000n\000s\000e\000n\040\031\000s\000\040\000i\000n\000e\000q\000u\000a\000l\000i\000t\000y}{}% 20
\BOOKMARK [1][-]{section.7}{\376\377\000T\000r\000e\000e\000\040\000P\000r\000e\000d\000i\000c\000t\000o\000r}{}% 21
\BOOKMARK [1][-]{section.8}{\376\377\000S\000t\000a\000t\000i\000s\000t\000i\000c\000a\000l\000\040\000m\000o\000d\000e\000l\000\040\000f\000o\000r\000\040\000M\000a\000c\000h\000i\000n\000e\000\040\000L\000e\000a\000r\000n\000i\000n\000g}{}% 22
\BOOKMARK [1][-]{section.9}{\376\377\000L\000e\000c\000t\000u\000r\000e\000\040\0006\000\040\000-\000\040\0000\0007\000-\0000\0004\000-\0002\0000\0002\0000}{}% 23
\BOOKMARK [1][-]{section.10}{\376\377\000L\000e\000c\000t\000u\000r\000e\000\040\0007\000\040\000-\000\040\0000\0007\000-\0000\0004\000-\0002\0000\0002\0000}{}% 24
\BOOKMARK [1][-]{section.11}{\376\377\000L\000e\000c\000t\000u\000r\000e\000\040\0008\000\040\000-\000\040\0000\0007\000-\0000\0004\000-\0002\0000\0002\0000}{}% 25
\BOOKMARK [1][-]{section.12}{\376\377\000L\000e\000c\000t\000u\000r\000e\000\040\0009\000\040\000-\000\040\0000\0007\000-\0000\0004\000-\0002\0000\0002\0000}{}% 26
\BOOKMARK [1][-]{section.13}{\376\377\000L\000e\000c\000t\000u\000r\000e\000\040\0001\0000\000\040\000-\000\040\0000\0007\000-\0000\0004\000-\0002\0000\0002\0000}{}% 27
\BOOKMARK [2][-]{subsection.13.1}{\376\377\000T\000O\000\040\000B\000E\000\040\000D\000E\000F\000I\000N\000E}{section.13}% 28
