This is pdfTeX, Version 3.14159265-2.6-1.40.21 (MiKTeX 2.9.7300 64-bit) (preloaded format=pdflatex 2020.4.12)  12 APR 2020 15:16
entering extended mode
**./lecture3.tex
(lecture3.tex
LaTeX2e <2020-02-02> patch level 2
L3 programming layer <2020-02-14>
("E:\Program Files\MiKTeX 2.9\tex/latex/subfiles\subfiles.cls"
Document Class: subfiles 2020/02/14 v1.6 Multi-file projects (class)
Preamble taken from file `../main.tex'
("E:\Program Files\MiKTeX 2.9\tex/latex/tools\verbatim.sty"
Package: verbatim 2019/11/10 v1.5r LaTeX2e package for verbatim enhancements
\every@verbatim=\toks14
\verbatim@line=\toks15
\verbatim@in@stream=\read2
)
("E:\Program Files\MiKTeX 2.9\tex/latex/import\import.sty"
Package: import 2020/04/01  v 6.2
) (../main.tex
("E:\Program Files\MiKTeX 2.9\tex/latex/base\article.cls"
Document Class: article 2019/12/20 v1.4l Standard LaTeX document class
("E:\Program Files\MiKTeX 2.9\tex/latex/base\size12.clo"
File: size12.clo 2019/12/20 v1.4l Standard LaTeX file (size option)
)
\c@part=\count167
\c@section=\count168
\c@subsection=\count169
\c@subsubsection=\count170
\c@paragraph=\count171
\c@subparagraph=\count172
\c@figure=\count173
\c@table=\count174
\abovecaptionskip=\skip47
\belowcaptionskip=\skip48
\bibindent=\dimen134
)
("E:\Program Files\MiKTeX 2.9\tex/latex/amsmath\amsmath.sty"
Package: amsmath 2020/01/20 v2.17e AMS math features
\@mathmargin=\skip49

For additional information on amsmath, use the `?' option.
("E:\Program Files\MiKTeX 2.9\tex/latex/amsmath\amstext.sty"
Package: amstext 2000/06/29 v2.01 AMS text

("E:\Program Files\MiKTeX 2.9\tex/latex/amsmath\amsgen.sty"
File: amsgen.sty 1999/11/30 v2.0 generic functions
\@emptytoks=\toks16
\ex@=\dimen135
))
("E:\Program Files\MiKTeX 2.9\tex/latex/amsmath\amsbsy.sty"
Package: amsbsy 1999/11/29 v1.2d Bold Symbols
\pmbraise@=\dimen136
)
("E:\Program Files\MiKTeX 2.9\tex/latex/amsmath\amsopn.sty"
Package: amsopn 2016/03/08 v2.02 operator names
)
\inf@bad=\count175
LaTeX Info: Redefining \frac on input line 227.
\uproot@=\count176
\leftroot@=\count177
LaTeX Info: Redefining \overline on input line 389.
\classnum@=\count178
\DOTSCASE@=\count179
LaTeX Info: Redefining \ldots on input line 486.
LaTeX Info: Redefining \dots on input line 489.
LaTeX Info: Redefining \cdots on input line 610.
\Mathstrutbox@=\box45
\strutbox@=\box46
\big@size=\dimen137
LaTeX Font Info:    Redeclaring font encoding OML on input line 733.
LaTeX Font Info:    Redeclaring font encoding OMS on input line 734.
\macc@depth=\count180
\c@MaxMatrixCols=\count181
\dotsspace@=\muskip16
\c@parentequation=\count182
\dspbrk@lvl=\count183
\tag@help=\toks17
\row@=\count184
\column@=\count185
\maxfields@=\count186
\andhelp@=\toks18
\eqnshift@=\dimen138
\alignsep@=\dimen139
\tagshift@=\dimen140
\tagwidth@=\dimen141
\totwidth@=\dimen142
\lineht@=\dimen143
\@envbody=\toks19
\multlinegap=\skip50
\multlinetaggap=\skip51
\mathdisplay@stack=\toks20
LaTeX Info: Redefining \[ on input line 2859.
LaTeX Info: Redefining \] on input line 2860.
)
("E:\Program Files\MiKTeX 2.9\tex/latex/systeme\systeme.sty"
("E:\Program Files\MiKTeX 2.9\tex/latex/xstring\xstring.sty"
("E:\Program Files\MiKTeX 2.9\tex/generic/xstring\xstring.tex"
\integerpart=\count187
\decimalpart=\count188
)
Package: xstring 2019/02/06 v1.83 String manipulations (CT)
)
("E:\Program Files\MiKTeX 2.9\tex/generic/systeme\systeme.tex"
\SYS_systemecode=\toks21
\SYS_systempreamble=\toks22
\SYSeqnum=\count189
)
Package: systeme 2019/01/13 v0.32 Mise en forme de systemes d'equations (CT)
)
("E:\Program Files\MiKTeX 2.9\tex/latex/amsfonts\amssymb.sty"
Package: amssymb 2013/01/14 v3.01 AMS font symbols

("E:\Program Files\MiKTeX 2.9\tex/latex/amsfonts\amsfonts.sty"
Package: amsfonts 2013/01/14 v3.01 Basic AMSFonts support
\symAMSa=\mathgroup4
\symAMSb=\mathgroup5
LaTeX Font Info:    Redeclaring math symbol \hbar on input line 98.
LaTeX Font Info:    Overwriting math alphabet `\mathfrak' in version `bold'
(Font)                  U/euf/m/n --> U/euf/b/n on input line 106.
))
("E:\Program Files\MiKTeX 2.9\tex/latex/subfiles\subfiles.sty"
Package: subfiles 2020/02/14 v1.6 Multi-file projects (package)
)))
("E:\Program Files\MiKTeX 2.9\tex/latex/l3backend\l3backend-pdfmode.def"
File: l3backend-pdfmode.def 2020-02-03 L3 backend support: PDF mode
\l__kernel_color_stack_int=\count190
\l__pdf_internal_box=\box47
)
(lecture3.aux)
\openout1 = `lecture3.aux'.

LaTeX Font Info:    Checking defaults for OML/cmm/m/it on input line 3.
LaTeX Font Info:    ... okay on input line 3.
LaTeX Font Info:    Checking defaults for OMS/cmsy/m/n on input line 3.
LaTeX Font Info:    ... okay on input line 3.
LaTeX Font Info:    Checking defaults for OT1/cmr/m/n on input line 3.
LaTeX Font Info:    ... okay on input line 3.
LaTeX Font Info:    Checking defaults for T1/cmr/m/n on input line 3.
LaTeX Font Info:    ... okay on input line 3.
LaTeX Font Info:    Checking defaults for TS1/cmr/m/n on input line 3.
LaTeX Font Info:    ... okay on input line 3.
LaTeX Font Info:    Checking defaults for OMX/cmex/m/n on input line 3.
LaTeX Font Info:    ... okay on input line 3.
LaTeX Font Info:    Checking defaults for U/cmr/m/n on input line 3.
LaTeX Font Info:    ... okay on input line 3.

Underfull \hbox (badness 10000) in paragraph at lines 5--7

 []

LaTeX Font Info:    Trying to load font information for U+msa on input line 7.
("E:\Program Files\MiKTeX 2.9\tex/latex/amsfonts\umsa.fd"
File: umsa.fd 2013/01/14 v3.01 AMS symbols A
)
LaTeX Font Info:    Trying to load font information for U+msb on input line 7.

("E:\Program Files\MiKTeX 2.9\tex/latex/amsfonts\umsb.fd"
File: umsb.fd 2013/01/14 v3.01 AMS symbols B
)
Overfull \hbox (12.30455pt too wide) detected at line 9
\OML/cmm/m/it/12 x \OT1/cmr/m/n/12 = (\OML/cmm/m/it/12 x[]; :::; x[]\OT1/cmr/m/
n/12 ) \OML/cmm/m/it/12 x[] []x \OMS/cmsy/m/n/12 2 \OML/cmm/m/it/12 X[] X \OT1/
cmr/m/n/12 = \U/msb/m/n/12 R[] \OML/cmm/m/it/12 X \OT1/cmr/m/n/12 = \OML/cmm/m/
it/12 X[] \OMS/cmsy/m/n/12  \OML/cmm/m/it/12 x \OMS/cmsy/m/n/12  \OML/cmm/m/i
t/12 ::: \OMS/cmsy/m/n/12  \OML/cmm/m/it/12 X[] \OMS/cmsy/m/n/12  \OML/cmm/m/
it/12 x
 []


Underfull \hbox (badness 10000) in paragraph at lines 9--28

 []


Underfull \hbox (badness 10000) in paragraph at lines 9--28

 []


Underfull \hbox (badness 10000) in paragraph at lines 9--28

 []


Underfull \hbox (badness 10000) in paragraph at lines 9--28

 []


Underfull \hbox (badness 10000) in paragraph at lines 9--28

 []


Underfull \hbox (badness 10000) in paragraph at lines 9--28

 []


Underfull \hbox (badness 10000) in paragraph at lines 9--28

 []


Underfull \hbox (badness 10000) in paragraph at lines 28--35

 []

[1

{C:/Users/AndreDany/AppData/Local/MiKTeX/2.9/pdftex/config/pdftex.map}]
Underfull \hbox (badness 10000) in paragraph at lines 48--54

 []


Underfull \hbox (badness 10000) in paragraph at lines 54--65

 []


Underfull \hbox (badness 10000) in paragraph at lines 65--75

 []


Underfull \hbox (badness 10000) in paragraph at lines 65--75

 []

[2]
Underfull \hbox (badness 10000) in paragraph at lines 78--86

 []


Underfull \hbox (badness 10000) in paragraph at lines 89--96

 []


Underfull \hbox (badness 10000) in paragraph at lines 104--108

 []


Underfull \hbox (badness 10000) in paragraph at lines 104--108

 []


Underfull \hbox (badness 10000) in paragraph at lines 104--108

 []

[3]
Underfull \hbox (badness 10000) in paragraph at lines 110--138

 []


Underfull \hbox (badness 10000) in paragraph at lines 110--138

 []


Overfull \hbox (25.43301pt too wide) in paragraph at lines 110--138
[] 
 []


Underfull \hbox (badness 10000) in paragraph at lines 110--138

 []


Underfull \hbox (badness 10000) in paragraph at lines 110--138

 []


Underfull \hbox (badness 10000) in paragraph at lines 144--160

 []


Underfull \hbox (badness 10000) in paragraph at lines 164--168

 []

[4]
Overfull \hbox (36.32568pt too wide) detected at line 170
\OML/cmm/m/it/12 A \OMS/cmsy/m/n/12  \OML/cmm/m/it/12 ERM[] \OMS/cmsy/m/n/12 !
 []
 []


Underfull \hbox (badness 10000) in paragraph at lines 177--179

 []


Underfull \hbox (badness 10000) in paragraph at lines 184--186

 []


Underfull \hbox (badness 10000) in paragraph at lines 187--223

 []


Underfull \hbox (badness 10000) in paragraph at lines 187--223

 []


Underfull \hbox (badness 10000) in paragraph at lines 187--223

 []


Underfull \hbox (badness 10000) in paragraph at lines 187--223

 []


Underfull \hbox (badness 10000) in paragraph at lines 187--223

 []

[5]
Underfull \hbox (badness 10000) in paragraph at lines 225--226

 []

[6] (lecture3.aux) ) 
Here is how much of TeX's memory you used:
 2035 strings out of 481556
 27886 string characters out of 2923622
 264292 words of memory out of 3000000
 17282 multiletter control sequences out of 15000+200000
 539886 words of font info for 51 fonts, out of 3000000 for 9000
 1141 hyphenation exceptions out of 8191
 42i,11n,44p,316b,125s stack positions out of 5000i,500n,10000p,200000b,50000s
 <C:\Users\AndreDany\AppData\Local\MiKTeX\2.9\fonts/pk/ljfo
ur/jknappen/ec/dpi600\tcrm1200.pk><E:/Program Files/MiKTeX 2.9/fonts/type1/publ
ic/amsfonts/cm/cmbx12.pfb><E:/Program Files/MiKTeX 2.9/fonts/type1/public/amsfo
nts/cm/cmex10.pfb><E:/Program Files/MiKTeX 2.9/fonts/type1/public/amsfonts/cm/c
mmi12.pfb><E:/Program Files/MiKTeX 2.9/fonts/type1/public/amsfonts/cm/cmmi8.pfb
><E:/Program Files/MiKTeX 2.9/fonts/type1/public/amsfonts/cm/cmr12.pfb><E:/Prog
ram Files/MiKTeX 2.9/fonts/type1/public/amsfonts/cm/cmr8.pfb><E:/Program Files/
MiKTeX 2.9/fonts/type1/public/amsfonts/cm/cmsy10.pfb><E:/Program Files/MiKTeX 2
.9/fonts/type1/public/amsfonts/cm/cmsy6.pfb><E:/Program Files/MiKTeX 2.9/fonts/
type1/public/amsfonts/cm/cmsy8.pfb><E:/Program Files/MiKTeX 2.9/fonts/type1/pub
lic/amsfonts/cm/cmti12.pfb><E:/Program Files/MiKTeX 2.9/fonts/type1/public/amsf
onts/symbols/msbm10.pfb>
Output written on lecture3.pdf (6 pages, 135512 bytes).
PDF statistics:
 70 PDF objects out of 1000 (max. 8388607)
 0 named destinations out of 1000 (max. 500000)
 1 words of extra memory for PDF output out of 10000 (max. 10000000)

